<?xml version="1.0" encoding="UTF-8"?>
<!-- Generated by org.testng.reporters.JUnitReportReporter -->
<testsuite skipped="0" hostname="DESKTOP-2347AA" name="ver.AutomationTalks.demoProject1.TestClass1" tests="3" failures="0" timestamp="24 Oct 2019 15:29:47 GMT" time="420.951" errors="0">
  <testcase name="Test2" time="188.912" classname="ver.AutomationTalks.demoProject1.TestClass1"/>
  <testcase name="Test3" time="133.519" classname="ver.AutomationTalks.demoProject1.TestClass1"/>
  <testcase name="Test1" time="98.520" classname="ver.AutomationTalks.demoProject1.TestClass1"/>
</testsuite> <!-- ver.AutomationTalks.demoProject1.TestClass1 -->
